<?xml version="1.0" encoding="UTF-8"?>
<!-- Generated by org.testng.reporters.JUnitReportReporter -->
<testsuite hostname="DESKTOP-6A92QSV" failures="0" tests="5" name="testrunners.AdminLoginTest" time="17.373" errors="0" timestamp="2026-09-11T20:17:13 IST" skipped="0">
  <testcase classname="testrunners.AdminLoginTest" name="runScenario" time="5.009"/>
  <testcase classname="testrunners.AdminLoginTest" name="runScenario" time="3.239"/>
  <testcase classname="testrunners.AdminLoginTest" name="runScenario" time="3.048"/>
  <testcase classname="testrunners.AdminLoginTest" name="runScenario" time="2.863"/>
  <testcase classname="testrunners.AdminLoginTest" name="runScenario" time="3.214"/>
</testsuite> <!-- testrunners.AdminLoginTest -->
