<?xml version="1.0" encoding="UTF-8"?>
<testng-results ignored="0" total="1" passed="1" failed="0" skipped="0">
  <reporter-output>
  </reporter-output>
  <suite started-at="2026-09-11T20:18:47 IST" name="Default suite" finished-at="2026-09-11T20:18:55 IST" duration-ms="8375">
    <groups>
      <group name="cucumber">
        <method signature="AbstractTestNGCucumberTests.runScenario(io.cucumber.testng.PickleWrapper,io.cucumber.testng.FeatureWrapper)[pri:0, instance:testrunners.EmployeeRegTest@78691363]" name="runScenario" class="io.cucumber.testng.AbstractTestNGCucumberTests"/>
      </group> <!-- cucumber -->
    </groups>
    <test started-at="2026-09-11T20:18:47 IST" name="Default test" finished-at="2026-09-11T20:18:55 IST" duration-ms="8375">
      <class name="testrunners.EmployeeRegTest">
        <test-method is-config="true" signature="setUpClass(org.testng.ITestContext)[pri:0, instance:testrunners.EmployeeRegTest@78691363]" started-at="2026-09-11T20:18:47 IST" name="setUpClass" finished-at="2026-09-11T20:18:47 IST" duration-ms="437" status="PASS">
          <params>
            <param index="0">
              <value>
                <![CDATA[org.testng.TestRunner@e9dc4d0]]>
              </value>
            </param>
          </params>
          <reporter-output>
          </reporter-output>
        </test-method> <!-- setUpClass -->
        <test-method signature="runScenario(io.cucumber.testng.PickleWrapper,io.cucumber.testng.FeatureWrapper)[pri:0, instance:testrunners.EmployeeRegTest@78691363]" started-at="2026-09-11T20:18:47 IST" name="runScenario" description="Runs Cucumber Scenarios" data-provider="scenarios" finished-at="2026-09-11T20:18:55 IST" duration-ms="7876" status="PASS">
          <params>
            <param index="0">
              <value>
                <![CDATA["Check New Employee Registration with valid inputs"]]>
              </value>
            </param>
            <param index="1">
              <value>
                <![CDATA["Employee Registration"]]>
              </value>
            </param>
          </params>
          <reporter-output>
          </reporter-output>
        </test-method> <!-- runScenario -->
        <test-method is-config="true" signature="tearDownClass()[pri:0, instance:testrunners.EmployeeRegTest@78691363]" started-at="2026-09-11T20:18:55 IST" name="tearDownClass" finished-at="2026-09-11T20:18:55 IST" duration-ms="27" status="PASS">
          <reporter-output>
          </reporter-output>
        </test-method> <!-- tearDownClass -->
      </class> <!-- testrunners.EmployeeRegTest -->
    </test> <!-- Default test -->
  </suite> <!-- Default suite -->
</testng-results>
